{"/Users/jmaus/src/school/itm350-jausborne-test/NodeJSExample/src/helloworld.js": {"path":"/Users/jmaus/src/school/itm350-jausborne-test/NodeJSExample/src/helloworld.js","statementMap":{"0":{"start":{"line":1,"column":13},"end":{"line":1,"column":19}},"1":{"start":{"line":4,"column":8},"end":{"line":4,"column":33}},"2":{"start":{"line":7,"column":0},"end":{"line":7,"column":28}}},"fnMap":{"0":{"name":"helloWorld","decl":{"start":{"line":3,"column":9},"end":{"line":3,"column":19}},"loc":{"start":{"line":3,"column":22},"end":{"line":5,"column":1}},"line":3}},"branchMap":{},"s":{"0":1,"1":1,"2":1},"f":{"0":1},"b":{},"_coverageSchema":"1a1c01bbd47fc00a2c39e90264f33305004495a9","hash":"22c8fd09c50ba06e97a729efec43aba52dff64da"}
,"/Users/jmaus/src/school/itm350-jausborne-test/NodeJSExample/src/sum.js": {"path":"/Users/jmaus/src/school/itm350-jausborne-test/NodeJSExample/src/sum.js","statementMap":{"0":{"start":{"line":2,"column":8},"end":{"line":2,"column":21}},"1":{"start":{"line":4,"column":0},"end":{"line":4,"column":21}}},"fnMap":{"0":{"name":"sum","decl":{"start":{"line":1,"column":9},"end":{"line":1,"column":12}},"loc":{"start":{"line":1,"column":19},"end":{"line":3,"column":1}},"line":1}},"branchMap":{},"s":{"0":1,"1":1},"f":{"0":1},"b":{},"_coverageSchema":"1a1c01bbd47fc00a2c39e90264f33305004495a9","hash":"1697888604185e12c625fe4640d58c0c706cbd60"}
}
